22-Oct-2024 16:09:22.589 INFO [main] org.apache.catalina.startup.VersionLoggerListener.log Server version name:   Apache Tomcat/11.0.0-M24
22-Oct-2024 16:09:22.627 INFO [main] org.apache.catalina.startup.VersionLoggerListener.log Server built:          Aug 2 2024 13:16:30 UTC
22-Oct-2024 16:09:22.629 INFO [main] org.apache.catalina.startup.VersionLoggerListener.log Server version number: 11.0.0.0
22-Oct-2024 16:09:22.629 INFO [main] org.apache.catalina.startup.VersionLoggerListener.log OS Name:               Windows 11
22-Oct-2024 16:09:22.631 INFO [main] org.apache.catalina.startup.VersionLoggerListener.log OS Version:            10.0
22-Oct-2024 16:09:22.652 INFO [main] org.apache.catalina.startup.VersionLoggerListener.log Architecture:          amd64
22-Oct-2024 16:09:22.659 INFO [main] org.apache.catalina.startup.VersionLoggerListener.log Java Home:             C:\Program Files\Java\jdk-17
22-Oct-2024 16:09:22.660 INFO [main] org.apache.catalina.startup.VersionLoggerListener.log JVM Version:           17.0.12+8-LTS-286
22-Oct-2024 16:09:22.660 INFO [main] org.apache.catalina.startup.VersionLoggerListener.log JVM Vendor:            Oracle Corporation
22-Oct-2024 16:09:22.661 INFO [main] org.apache.catalina.startup.VersionLoggerListener.log CATALINA_BASE:         C:\Users\HP\IdeaProjects\ERP_Web
22-Oct-2024 16:09:22.662 INFO [main] org.apache.catalina.startup.VersionLoggerListener.log CATALINA_HOME:         C:\Users\HP\Downloads\apache-tomcat-11.0.0-M24-windows-x64\apache-tomcat-11.0.0-M24
22-Oct-2024 16:09:22.726 INFO [main] org.apache.catalina.startup.VersionLoggerListener.log Command line argument: --add-opens=java.base/java.lang=ALL-UNNAMED
22-Oct-2024 16:09:22.726 INFO [main] org.apache.catalina.startup.VersionLoggerListener.log Command line argument: --add-opens=java.base/java.io=ALL-UNNAMED
22-Oct-2024 16:09:22.727 INFO [main] org.apache.catalina.startup.VersionLoggerListener.log Command line argument: --add-opens=java.base/java.util=ALL-UNNAMED
22-Oct-2024 16:09:22.843 INFO [main] org.apache.catalina.startup.VersionLoggerListener.log Command line argument: --add-opens=java.base/java.util.concurrent=ALL-UNNAMED
22-Oct-2024 16:09:22.843 INFO [main] org.apache.catalina.startup.VersionLoggerListener.log Command line argument: --add-opens=java.rmi/sun.rmi.transport=ALL-UNNAMED
22-Oct-2024 16:09:22.843 INFO [main] org.apache.catalina.startup.VersionLoggerListener.log Command line argument: -Dcatalina.home=C:\Users\HP\Downloads\apache-tomcat-11.0.0-M24-windows-x64\apache-tomcat-11.0.0-M24
22-Oct-2024 16:09:22.843 INFO [main] org.apache.catalina.startup.VersionLoggerListener.log Command line argument: -Dcatalina.base=C:\Users\HP\IdeaProjects\ERP_Web
22-Oct-2024 16:09:22.843 INFO [main] org.apache.catalina.startup.VersionLoggerListener.log Command line argument: -Djava.io.tmpdir=C:\Users\HP\IdeaProjects\ERP_Web\temp
22-Oct-2024 16:09:22.843 INFO [main] org.apache.catalina.startup.VersionLoggerListener.log Command line argument: -Djava.util.logging.config.file=C:\Users\HP\IdeaProjects\ERP_Web\conf\logging.properties
22-Oct-2024 16:09:22.851 INFO [main] org.apache.catalina.startup.VersionLoggerListener.log Command line argument: -Djava.util.logging.manager=org.apache.juli.ClassLoaderLogManager
22-Oct-2024 16:09:22.851 INFO [main] org.apache.catalina.startup.VersionLoggerListener.log Command line argument: -javaagent:C:\Program Files\JetBrains\IntelliJ IDEA Community Edition 2024.2.0.1\lib\idea_rt.jar=56628:C:\Program Files\JetBrains\IntelliJ IDEA Community Edition 2024.2.0.1\bin
22-Oct-2024 16:09:22.851 INFO [main] org.apache.catalina.startup.VersionLoggerListener.log Command line argument: -Dfile.encoding=UTF-8
22-Oct-2024 16:09:22.867 INFO [main] org.apache.catalina.core.AprLifecycleListener.lifecycleEvent Loaded Apache Tomcat Native library [2.0.8] using APR version [1.7.4].
22-Oct-2024 16:09:22.916 INFO [main] org.apache.catalina.core.AprLifecycleListener.initializeSSL OpenSSL successfully initialized [OpenSSL 3.0.14 4 Jun 2024]
22-Oct-2024 16:09:25.363 INFO [main] org.apache.coyote.AbstractProtocol.init Initializing ProtocolHandler ["http-nio-8080"]
22-Oct-2024 16:09:25.426 INFO [main] org.apache.catalina.startup.Catalina.load Server initialization in [3768] milliseconds
22-Oct-2024 16:09:25.601 INFO [main] org.apache.catalina.core.StandardService.startInternal Starting service [Catalina]
22-Oct-2024 16:09:25.601 INFO [main] org.apache.catalina.core.StandardEngine.startInternal Starting Servlet engine: [Apache Tomcat/11.0.0-M24]
22-Oct-2024 16:09:25.644 INFO [main] org.apache.catalina.startup.HostConfig.deployDescriptor Deploying deployment descriptor [C:\Users\HP\IdeaProjects\ERP_Web\conf\Catalina\localhost\ERP_Web.xml]
22-Oct-2024 16:09:28.321 INFO [main] org.apache.jasper.servlet.TldScanner.scanJars At least one JAR was scanned for TLDs yet contained no TLDs. Enable debug logging for this logger for a complete list of JARs that were scanned but no TLDs were found in them. Skipping unneeded JARs during scanning can improve startup time and JSP compilation time.
22-Oct-2024 16:09:28.835 WARNING [main] org.apache.catalina.util.SessionIdGeneratorBase.createSecureRandom Creation of SecureRandom instance for session ID generation using [SHA1PRNG] took [449] milliseconds.
22-Oct-2024 16:09:28.910 INFO [main] org.apache.catalina.startup.HostConfig.deployDescriptor Deployment of deployment descriptor [C:\Users\HP\IdeaProjects\ERP_Web\conf\Catalina\localhost\ERP_Web.xml] has finished in [3,267] ms
22-Oct-2024 16:09:28.928 INFO [main] org.apache.coyote.AbstractProtocol.start Starting ProtocolHandler ["http-nio-8080"]
22-Oct-2024 16:09:30.048 INFO [main] org.apache.catalina.startup.Catalina.start Server startup in [4620] milliseconds
22-Oct-2024 16:11:53.498 INFO [Thread-1] org.apache.coyote.AbstractProtocol.pause Pausing ProtocolHandler ["http-nio-8080"]
22-Oct-2024 16:11:53.868 INFO [Thread-1] org.apache.catalina.core.StandardService.stopInternal Stopping service [Catalina]
22-Oct-2024 16:11:54.182 INFO [Thread-1] org.apache.coyote.AbstractProtocol.stop Stopping ProtocolHandler ["http-nio-8080"]
22-Oct-2024 16:11:54.208 INFO [Thread-1] org.apache.coyote.AbstractProtocol.destroy Destroying ProtocolHandler ["http-nio-8080"]
